09:52:34.012 [main] INFO  o.s.b.d.r.RestartApplicationListener - [onApplicationStartingEvent,79] - Restart disabled due to System property 'spring.devtools.restart.enabled' being set to false
09:52:35.060 [main] INFO  c.a.WebApplication - [logStarting,50] - Starting WebApplication on Tang with PID 14808 (J:\auto\web\target\classes started by tang in J:\auto\web)
09:52:35.065 [main] INFO  c.a.WebApplication - [logStartupProfileInfo,679] - The following profiles are active: druid
09:52:38.628 [main] INFO  o.a.s.c.e.EhCacheManager - [getCache,158] - Cache with name 'com.accp.framework.shiro.realm.UserRealm.authorizationCache' does not yet exist.  Creating now.
09:52:38.629 [main] INFO  o.a.s.c.e.EhCacheManager - [getCache,165] - Added EhCache named [com.accp.framework.shiro.realm.UserRealm.authorizationCache]
09:52:41.977 [main] INFO  o.a.s.c.e.EhCacheManager - [getCache,169] - Using existing EHCache named [loginRecordCache]
09:52:43.885 [main] INFO  o.a.c.h.Http11NioProtocol - [log,173] - Initializing ProtocolHandler ["http-nio-80"]
09:52:43.913 [main] INFO  o.a.c.c.StandardService - [log,173] - Starting service [Tomcat]
09:52:43.913 [main] INFO  o.a.c.c.StandardEngine - [log,173] - Starting Servlet Engine: Apache Tomcat/9.0.13
09:52:43.931 [main] INFO  o.a.c.c.AprLifecycleListener - [log,173] - The APR based Apache Tomcat Native library which allows optimal performance in production environments was not found on the java.library.path: [C:\Program Files\Java\jdk1.8.0_201\bin;C:\WINDOWS\Sun\Java\bin;C:\WINDOWS\system32;C:\WINDOWS;J:\Y2\apache-maven-3.5.0\bin;C:\Program Files\Java\jdk1.8.0_201\bin;C:\Program Files (x86)\NetSarang\Xshell 6\;C:\Program Files (x86)\Common Files\Oracle\Java\javapath;C:\Program Files (x86)\NVIDIA Corporation\PhysX\Common;C:\Program Files (x86)\Intel\iCLS Client\;C:\Program Files\Intel\iCLS Client\;C:\Windows\system32;C:\Windows;C:\Windows\System32\Wbem;C:\Windows\System32\WindowsPowerShell\v1.0\;C:\Program Files (x86)\Intel\Intel(R) Management Engine Components\DAL;C:\Program Files\Intel\Intel(R) Management Engine Components\DAL;C:\Program Files (x86)\Intel\Intel(R) Management Engine Components\IPT;C:\Program Files\Intel\Intel(R) Management Engine Components\IPT;D:\py\Scripts\;D:\py\;C:\Users\lenovo\AppData\Local\Microsoft\WindowsApps;C:\WINDOWS\system32;C:\WINDOWS;C:\WINDOWS\System32\Wbem;C:\WINDOWS\System32\WindowsPowerShell\v1.0\;C:\WINDOWS\System32\OpenSSH\;C:\Program Files\NVIDIA Corporation\NVIDIA NvDLISR;C:\Program Files (x86)\Microsoft SQL Server\100\Tools\Binn\;C:\Program Files\Microsoft SQL Server\100\Tools\Binn\;C:\Program Files\Microsoft SQL Server\100\DTS\Binn\;C:\Program Files (x86)\Microsoft SQL Server\100\Tools\Binn\VSShell\Common7\IDE\;C:\Program Files (x86)\Microsoft Visual Studio 9.0\Common7\IDE\PrivateAssemblies\;C:\Program Files (x86)\Microsoft SQL Server\100\DTS\Binn\;C:\Program Files\Microsoft\Web Platform Installer\;C:\Program Files (x86)\Microsoft ASP.NET\ASP.NET Web Pages\v1.0\;C:\Program Files\Microsoft SQL Server\110\Tools\Binn\;E:\phpStudy\PHPTutorial\php\php-7.1.13-nts;C:\ProgramData\ComposerSetup\bin;C:\Program Files (x86)\Windows Kits\8.1\Windows Performance Toolkit\;C:\Program Files\Microsoft SQL Server\130\Tools\Binn\;C:\Program Files\Git\cmd;C:\Program Files\TortoiseGit\bin;C:\Program Files\Java\jdk1.8.0_201\bin;D:\py\Scripts\;D:\py\;C:\Users\lenovo\AppData\Local\Microsoft\WindowsApps;C:\Users\lenovo\AppData\Roaming\Composer\vendor\bin;;.]
09:52:44.605 [main] INFO  o.a.c.c.C.[.[.[/] - [log,173] - Initializing Spring embedded WebApplicationContext
09:52:45.997 [main] INFO  c.a.d.p.DruidDataSource - [init,930] - {dataSource-1} inited
09:52:46.148 [main] INFO  o.q.i.StdSchedulerFactory - [instantiate,1208] - Using default implementation for ThreadExecutor
09:52:46.195 [main] INFO  o.q.c.SchedulerSignalerImpl - [<init>,61] - Initialized Scheduler Signaller of type: class org.quartz.core.SchedulerSignalerImpl
09:52:46.196 [main] INFO  o.q.c.QuartzScheduler - [<init>,229] - Quartz Scheduler v.2.3.0 created.
09:52:46.216 [main] INFO  o.q.c.QuartzScheduler - [initialize,294] - Scheduler meta-data: Quartz Scheduler (v2.3.0) 'AutoAccpScheduler' with instanceId 'Tang1594086766153'
  Scheduler class: 'org.quartz.core.QuartzScheduler' - running locally.
  NOT STARTED.
  Currently in standby mode.
  Number of jobs executed: 0
  Using thread pool 'org.quartz.simpl.SimpleThreadPool' - with 50 threads.
  Using job-store 'org.springframework.scheduling.quartz.LocalDataSourceJobStore' - which supports persistence. and is clustered.

09:52:46.218 [main] INFO  o.q.i.StdSchedulerFactory - [instantiate,1362] - Quartz scheduler 'AutoAccpScheduler' initialized from an externally provided properties instance.
09:52:46.218 [main] INFO  o.q.i.StdSchedulerFactory - [instantiate,1366] - Quartz scheduler version: 2.3.0
09:52:46.222 [main] INFO  o.q.c.QuartzScheduler - [setJobFactory,2287] - JobFactory set to: org.springframework.scheduling.quartz.AdaptableJobFactory@11eec06b
09:52:48.843 [main] INFO  s.d.s.w.PropertySourcedRequestMappingHandlerMapping - [initHandlerMethods,69] - Mapped URL path [/v2/api-docs] onto method [public org.springframework.http.ResponseEntity<springfox.documentation.spring.web.json.Json> springfox.documentation.swagger2.web.Swagger2Controller.getDocumentation(java.lang.String,javax.servlet.http.HttpServletRequest)]
09:52:50.231 [main] INFO  s.d.s.w.p.DocumentationPluginsBootstrapper - [start,147] - Context refreshed
09:52:50.290 [main] INFO  s.d.s.w.p.DocumentationPluginsBootstrapper - [start,150] - Found 1 custom documentation plugin(s)
09:52:50.570 [main] INFO  s.d.s.w.s.ApiListingReferenceScanner - [scan,41] - Scanning for api listing references
09:52:51.260 [main] INFO  o.a.c.h.Http11NioProtocol - [log,173] - Starting ProtocolHandler ["http-nio-80"]
09:52:51.283 [main] INFO  o.a.t.u.n.NioSelectorPool - [log,173] - Using a shared selector for servlet write/read
09:52:51.299 [main] INFO  o.a.c.h.Http11NioProtocol - [log,173] - Pausing ProtocolHandler ["http-nio-80"]
09:52:51.300 [main] INFO  o.a.c.c.StandardService - [log,173] - Stopping service [Tomcat]
09:52:51.317 [main] INFO  o.a.c.u.LifecycleBase - [log,173] - The stop() method was called on component [StandardServer[-1]] after stop() had already been called. The second call will be ignored.
09:52:51.320 [main] INFO  o.a.c.h.Http11NioProtocol - [log,173] - Stopping ProtocolHandler ["http-nio-80"]
09:52:51.321 [main] INFO  o.a.c.h.Http11NioProtocol - [log,173] - Destroying ProtocolHandler ["http-nio-80"]
09:52:51.346 [main] INFO  sys-user - [shutdownAsyncManager,56] - ====关闭后台任务任务线程池====
09:52:51.351 [main] INFO  o.q.c.QuartzScheduler - [shutdown,666] - Scheduler AutoAccpScheduler_$_Tang1594086766153 shutting down.
09:52:51.352 [main] INFO  o.q.c.QuartzScheduler - [standby,585] - Scheduler AutoAccpScheduler_$_Tang1594086766153 paused.
09:52:51.353 [main] INFO  o.q.c.QuartzScheduler - [shutdown,740] - Scheduler AutoAccpScheduler_$_Tang1594086766153 shutdown complete.
09:52:51.371 [main] INFO  c.a.d.p.DruidDataSource - [close,1825] - {dataSource-1} closed
09:53:18.868 [main] INFO  o.s.b.d.r.RestartApplicationListener - [onApplicationStartingEvent,79] - Restart disabled due to System property 'spring.devtools.restart.enabled' being set to false
09:53:19.828 [main] INFO  c.a.WebApplication - [logStarting,50] - Starting WebApplication on Tang with PID 12020 (J:\auto\web\target\classes started by tang in J:\auto\web)
09:53:19.832 [main] INFO  c.a.WebApplication - [logStartupProfileInfo,679] - The following profiles are active: druid
09:53:23.917 [main] INFO  o.a.s.c.e.EhCacheManager - [getCache,158] - Cache with name 'com.accp.framework.shiro.realm.UserRealm.authorizationCache' does not yet exist.  Creating now.
09:53:23.919 [main] INFO  o.a.s.c.e.EhCacheManager - [getCache,165] - Added EhCache named [com.accp.framework.shiro.realm.UserRealm.authorizationCache]
09:53:26.544 [main] INFO  o.a.s.c.e.EhCacheManager - [getCache,169] - Using existing EHCache named [loginRecordCache]
09:53:28.572 [main] INFO  o.a.c.h.Http11NioProtocol - [log,173] - Initializing ProtocolHandler ["http-nio-8888"]
09:53:28.601 [main] INFO  o.a.c.c.StandardService - [log,173] - Starting service [Tomcat]
09:53:28.602 [main] INFO  o.a.c.c.StandardEngine - [log,173] - Starting Servlet Engine: Apache Tomcat/9.0.13
09:53:28.629 [main] INFO  o.a.c.c.AprLifecycleListener - [log,173] - The APR based Apache Tomcat Native library which allows optimal performance in production environments was not found on the java.library.path: [C:\Program Files\Java\jdk1.8.0_201\bin;C:\WINDOWS\Sun\Java\bin;C:\WINDOWS\system32;C:\WINDOWS;J:\Y2\apache-maven-3.5.0\bin;C:\Program Files\Java\jdk1.8.0_201\bin;C:\Program Files (x86)\NetSarang\Xshell 6\;C:\Program Files (x86)\Common Files\Oracle\Java\javapath;C:\Program Files (x86)\NVIDIA Corporation\PhysX\Common;C:\Program Files (x86)\Intel\iCLS Client\;C:\Program Files\Intel\iCLS Client\;C:\Windows\system32;C:\Windows;C:\Windows\System32\Wbem;C:\Windows\System32\WindowsPowerShell\v1.0\;C:\Program Files (x86)\Intel\Intel(R) Management Engine Components\DAL;C:\Program Files\Intel\Intel(R) Management Engine Components\DAL;C:\Program Files (x86)\Intel\Intel(R) Management Engine Components\IPT;C:\Program Files\Intel\Intel(R) Management Engine Components\IPT;D:\py\Scripts\;D:\py\;C:\Users\lenovo\AppData\Local\Microsoft\WindowsApps;C:\WINDOWS\system32;C:\WINDOWS;C:\WINDOWS\System32\Wbem;C:\WINDOWS\System32\WindowsPowerShell\v1.0\;C:\WINDOWS\System32\OpenSSH\;C:\Program Files\NVIDIA Corporation\NVIDIA NvDLISR;C:\Program Files (x86)\Microsoft SQL Server\100\Tools\Binn\;C:\Program Files\Microsoft SQL Server\100\Tools\Binn\;C:\Program Files\Microsoft SQL Server\100\DTS\Binn\;C:\Program Files (x86)\Microsoft SQL Server\100\Tools\Binn\VSShell\Common7\IDE\;C:\Program Files (x86)\Microsoft Visual Studio 9.0\Common7\IDE\PrivateAssemblies\;C:\Program Files (x86)\Microsoft SQL Server\100\DTS\Binn\;C:\Program Files\Microsoft\Web Platform Installer\;C:\Program Files (x86)\Microsoft ASP.NET\ASP.NET Web Pages\v1.0\;C:\Program Files\Microsoft SQL Server\110\Tools\Binn\;E:\phpStudy\PHPTutorial\php\php-7.1.13-nts;C:\ProgramData\ComposerSetup\bin;C:\Program Files (x86)\Windows Kits\8.1\Windows Performance Toolkit\;C:\Program Files\Microsoft SQL Server\130\Tools\Binn\;C:\Program Files\Git\cmd;C:\Program Files\TortoiseGit\bin;C:\Program Files\Java\jdk1.8.0_201\bin;D:\py\Scripts\;D:\py\;C:\Users\lenovo\AppData\Local\Microsoft\WindowsApps;C:\Users\lenovo\AppData\Roaming\Composer\vendor\bin;;.]
09:53:29.375 [main] INFO  o.a.c.c.C.[.[.[/] - [log,173] - Initializing Spring embedded WebApplicationContext
09:53:30.720 [main] INFO  c.a.d.p.DruidDataSource - [init,930] - {dataSource-1} inited
09:53:30.887 [main] INFO  o.q.i.StdSchedulerFactory - [instantiate,1208] - Using default implementation for ThreadExecutor
09:53:30.910 [main] INFO  o.q.c.SchedulerSignalerImpl - [<init>,61] - Initialized Scheduler Signaller of type: class org.quartz.core.SchedulerSignalerImpl
09:53:30.911 [main] INFO  o.q.c.QuartzScheduler - [<init>,229] - Quartz Scheduler v.2.3.0 created.
09:53:30.917 [main] INFO  o.q.c.QuartzScheduler - [initialize,294] - Scheduler meta-data: Quartz Scheduler (v2.3.0) 'AutoAccpScheduler' with instanceId 'Tang1594086810891'
  Scheduler class: 'org.quartz.core.QuartzScheduler' - running locally.
  NOT STARTED.
  Currently in standby mode.
  Number of jobs executed: 0
  Using thread pool 'org.quartz.simpl.SimpleThreadPool' - with 50 threads.
  Using job-store 'org.springframework.scheduling.quartz.LocalDataSourceJobStore' - which supports persistence. and is clustered.

09:53:30.917 [main] INFO  o.q.i.StdSchedulerFactory - [instantiate,1362] - Quartz scheduler 'AutoAccpScheduler' initialized from an externally provided properties instance.
09:53:30.917 [main] INFO  o.q.i.StdSchedulerFactory - [instantiate,1366] - Quartz scheduler version: 2.3.0
09:53:30.919 [main] INFO  o.q.c.QuartzScheduler - [setJobFactory,2287] - JobFactory set to: org.springframework.scheduling.quartz.AdaptableJobFactory@6a8a551e
09:53:33.406 [main] INFO  s.d.s.w.PropertySourcedRequestMappingHandlerMapping - [initHandlerMethods,69] - Mapped URL path [/v2/api-docs] onto method [public org.springframework.http.ResponseEntity<springfox.documentation.spring.web.json.Json> springfox.documentation.swagger2.web.Swagger2Controller.getDocumentation(java.lang.String,javax.servlet.http.HttpServletRequest)]
09:53:35.002 [main] INFO  s.d.s.w.p.DocumentationPluginsBootstrapper - [start,147] - Context refreshed
09:53:35.086 [main] INFO  s.d.s.w.p.DocumentationPluginsBootstrapper - [start,150] - Found 1 custom documentation plugin(s)
09:53:35.377 [main] INFO  s.d.s.w.s.ApiListingReferenceScanner - [scan,41] - Scanning for api listing references
09:53:35.608 [main] INFO  o.a.c.h.Http11NioProtocol - [log,173] - Starting ProtocolHandler ["http-nio-8888"]
09:53:35.622 [main] INFO  o.a.t.u.n.NioSelectorPool - [log,173] - Using a shared selector for servlet write/read
09:53:35.652 [main] INFO  c.a.WebApplication - [logStarted,59] - Started WebApplication in 16.807 seconds (JVM running for 18.689)
09:53:35.756 [http-nio-8888-exec-1] INFO  o.a.c.c.C.[.[.[/] - [log,173] - Initializing Spring DispatcherServlet 'dispatcherServlet'
09:53:35.804 [http-nio-8888-exec-1] INFO  o.a.s.s.m.AbstractValidatingSessionManager - [enableSessionValidation,233] - Enabling session validation scheduler...
09:53:35.922 [http-nio-8888-exec-2] INFO  o.a.s.c.e.EhCacheManager - [getCache,158] - Cache with name 'shiro-activeSessionCache' does not yet exist.  Creating now.
09:53:35.924 [http-nio-8888-exec-2] INFO  o.a.s.c.e.EhCacheManager - [getCache,165] - Added EhCache named [shiro-activeSessionCache]
09:53:36.777 [Quartz Scheduler [AutoAccpScheduler]] INFO  o.q.c.QuartzScheduler - [start,547] - Scheduler AutoAccpScheduler_$_Tang1594086810891 started.
09:53:36.808 [schedule-pool-1] INFO  c.a.f.s.w.s.OnlineWebSessionManager - [validateSessions,82] - invalidation sessions...
09:53:36.878 [schedule-pool-1] INFO  c.a.f.s.w.s.OnlineWebSessionManager - [validateSessions,141] - Finished invalidation session. [1] sessions were stopped.
09:53:38.587 [main] INFO  c.a.c.n.NettyServer - [start,62] - 服务端启动成功，监听端口 7070
09:54:12.141 [schedule-pool-1] INFO  sys-user - [run,107] - [127.0.0.1]内网IP[admin][Error][密码输入错误1次]
09:54:21.100 [schedule-pool-3] INFO  sys-user - [run,107] - [127.0.0.1]内网IP[admin][Error][验证码错误]
09:54:29.682 [schedule-pool-1] INFO  sys-user - [run,107] - [127.0.0.1]内网IP[admin][Success][登录成功]
10:03:36.806 [schedule-pool-1] INFO  c.a.f.s.w.s.OnlineWebSessionManager - [validateSessions,82] - invalidation sessions...
10:03:36.813 [schedule-pool-1] INFO  c.a.f.s.w.s.OnlineWebSessionManager - [validateSessions,141] - Finished invalidation session. No sessions were stopped.
10:13:36.806 [schedule-pool-9] INFO  c.a.f.s.w.s.OnlineWebSessionManager - [validateSessions,82] - invalidation sessions...
10:13:36.811 [schedule-pool-9] INFO  c.a.f.s.w.s.OnlineWebSessionManager - [validateSessions,141] - Finished invalidation session. No sessions were stopped.
10:23:36.806 [schedule-pool-13] INFO  c.a.f.s.w.s.OnlineWebSessionManager - [validateSessions,82] - invalidation sessions...
10:23:36.812 [schedule-pool-13] INFO  c.a.f.s.w.s.OnlineWebSessionManager - [validateSessions,141] - Finished invalidation session. No sessions were stopped.
10:33:36.807 [schedule-pool-29] INFO  c.a.f.s.w.s.OnlineWebSessionManager - [validateSessions,82] - invalidation sessions...
10:33:36.812 [schedule-pool-29] INFO  c.a.f.s.w.s.OnlineWebSessionManager - [validateSessions,141] - Finished invalidation session. No sessions were stopped.
10:43:36.807 [schedule-pool-2] INFO  c.a.f.s.w.s.OnlineWebSessionManager - [validateSessions,82] - invalidation sessions...
10:43:36.809 [schedule-pool-2] INFO  c.a.f.s.w.s.OnlineWebSessionManager - [validateSessions,141] - Finished invalidation session. No sessions were stopped.
10:53:36.807 [schedule-pool-18] INFO  c.a.f.s.w.s.OnlineWebSessionManager - [validateSessions,82] - invalidation sessions...
10:53:36.808 [schedule-pool-18] INFO  c.a.f.s.w.s.OnlineWebSessionManager - [validateSessions,141] - Finished invalidation session. No sessions were stopped.
11:03:36.806 [schedule-pool-8] INFO  c.a.f.s.w.s.OnlineWebSessionManager - [validateSessions,82] - invalidation sessions...
11:03:36.810 [schedule-pool-8] INFO  c.a.f.s.w.s.OnlineWebSessionManager - [validateSessions,141] - Finished invalidation session. No sessions were stopped.
11:13:36.807 [schedule-pool-49] INFO  c.a.f.s.w.s.OnlineWebSessionManager - [validateSessions,82] - invalidation sessions...
11:13:36.809 [schedule-pool-49] INFO  c.a.f.s.w.s.OnlineWebSessionManager - [validateSessions,141] - Finished invalidation session. No sessions were stopped.
11:23:36.806 [schedule-pool-12] INFO  c.a.f.s.w.s.OnlineWebSessionManager - [validateSessions,82] - invalidation sessions...
11:23:36.809 [schedule-pool-12] INFO  c.a.f.s.w.s.OnlineWebSessionManager - [validateSessions,141] - Finished invalidation session. No sessions were stopped.
11:33:36.806 [schedule-pool-35] INFO  c.a.f.s.w.s.OnlineWebSessionManager - [validateSessions,82] - invalidation sessions...
11:33:36.807 [schedule-pool-35] INFO  c.a.f.s.w.s.OnlineWebSessionManager - [validateSessions,141] - Finished invalidation session. No sessions were stopped.
11:43:36.807 [schedule-pool-48] INFO  c.a.f.s.w.s.OnlineWebSessionManager - [validateSessions,82] - invalidation sessions...
11:43:36.813 [schedule-pool-48] INFO  c.a.f.s.w.s.OnlineWebSessionManager - [validateSessions,141] - Finished invalidation session. No sessions were stopped.
11:53:36.806 [schedule-pool-48] INFO  c.a.f.s.w.s.OnlineWebSessionManager - [validateSessions,82] - invalidation sessions...
11:53:36.812 [schedule-pool-48] INFO  c.a.f.s.w.s.OnlineWebSessionManager - [validateSessions,141] - Finished invalidation session. No sessions were stopped.
12:03:36.806 [schedule-pool-1] INFO  c.a.f.s.w.s.OnlineWebSessionManager - [validateSessions,82] - invalidation sessions...
12:03:36.807 [schedule-pool-1] INFO  c.a.f.s.w.s.OnlineWebSessionManager - [validateSessions,141] - Finished invalidation session. No sessions were stopped.
12:13:36.807 [schedule-pool-1] INFO  c.a.f.s.w.s.OnlineWebSessionManager - [validateSessions,82] - invalidation sessions...
12:13:36.812 [schedule-pool-1] INFO  c.a.f.s.w.s.OnlineWebSessionManager - [validateSessions,141] - Finished invalidation session. No sessions were stopped.
14:08:12.177 [schedule-pool-43] INFO  c.a.f.s.w.s.OnlineWebSessionManager - [validateSessions,82] - invalidation sessions...
14:08:12.182 [schedule-pool-43] INFO  c.a.f.s.w.s.OnlineWebSessionManager - [validateSessions,141] - Finished invalidation session. No sessions were stopped.
14:08:12.182 [schedule-pool-43] INFO  c.a.f.s.w.s.OnlineWebSessionManager - [validateSessions,82] - invalidation sessions...
14:08:12.185 [schedule-pool-43] INFO  c.a.f.s.w.s.OnlineWebSessionManager - [validateSessions,141] - Finished invalidation session. No sessions were stopped.
14:08:12.185 [schedule-pool-43] INFO  c.a.f.s.w.s.OnlineWebSessionManager - [validateSessions,82] - invalidation sessions...
14:08:12.188 [schedule-pool-43] INFO  c.a.f.s.w.s.OnlineWebSessionManager - [validateSessions,141] - Finished invalidation session. No sessions were stopped.
14:08:12.189 [schedule-pool-43] INFO  c.a.f.s.w.s.OnlineWebSessionManager - [validateSessions,82] - invalidation sessions...
14:08:12.191 [schedule-pool-43] INFO  c.a.f.s.w.s.OnlineWebSessionManager - [validateSessions,141] - Finished invalidation session. No sessions were stopped.
14:08:12.191 [schedule-pool-43] INFO  c.a.f.s.w.s.OnlineWebSessionManager - [validateSessions,82] - invalidation sessions...
14:08:12.194 [schedule-pool-43] INFO  c.a.f.s.w.s.OnlineWebSessionManager - [validateSessions,141] - Finished invalidation session. No sessions were stopped.
14:08:12.194 [schedule-pool-43] INFO  c.a.f.s.w.s.OnlineWebSessionManager - [validateSessions,82] - invalidation sessions...
14:08:12.197 [schedule-pool-43] INFO  c.a.f.s.w.s.OnlineWebSessionManager - [validateSessions,141] - Finished invalidation session. No sessions were stopped.
14:08:12.198 [schedule-pool-43] INFO  c.a.f.s.w.s.OnlineWebSessionManager - [validateSessions,82] - invalidation sessions...
14:08:12.201 [schedule-pool-43] INFO  c.a.f.s.w.s.OnlineWebSessionManager - [validateSessions,141] - Finished invalidation session. No sessions were stopped.
14:08:12.201 [schedule-pool-43] INFO  c.a.f.s.w.s.OnlineWebSessionManager - [validateSessions,82] - invalidation sessions...
14:08:12.205 [schedule-pool-43] INFO  c.a.f.s.w.s.OnlineWebSessionManager - [validateSessions,141] - Finished invalidation session. No sessions were stopped.
14:08:12.205 [schedule-pool-43] INFO  c.a.f.s.w.s.OnlineWebSessionManager - [validateSessions,82] - invalidation sessions...
14:08:12.208 [schedule-pool-43] INFO  c.a.f.s.w.s.OnlineWebSessionManager - [validateSessions,141] - Finished invalidation session. No sessions were stopped.
14:08:12.208 [schedule-pool-43] INFO  c.a.f.s.w.s.OnlineWebSessionManager - [validateSessions,82] - invalidation sessions...
14:08:12.211 [schedule-pool-43] INFO  c.a.f.s.w.s.OnlineWebSessionManager - [validateSessions,141] - Finished invalidation session. No sessions were stopped.
14:08:12.212 [schedule-pool-43] INFO  c.a.f.s.w.s.OnlineWebSessionManager - [validateSessions,82] - invalidation sessions...
14:08:12.215 [schedule-pool-43] INFO  c.a.f.s.w.s.OnlineWebSessionManager - [validateSessions,141] - Finished invalidation session. No sessions were stopped.
14:13:36.781 [schedule-pool-43] INFO  c.a.f.s.w.s.OnlineWebSessionManager - [validateSessions,82] - invalidation sessions...
14:13:36.782 [schedule-pool-43] INFO  c.a.f.s.w.s.OnlineWebSessionManager - [validateSessions,141] - Finished invalidation session. No sessions were stopped.
14:23:36.781 [schedule-pool-43] INFO  c.a.f.s.w.s.OnlineWebSessionManager - [validateSessions,82] - invalidation sessions...
14:23:36.785 [schedule-pool-43] INFO  c.a.f.s.w.s.OnlineWebSessionManager - [validateSessions,141] - Finished invalidation session. No sessions were stopped.
14:33:36.781 [schedule-pool-18] INFO  c.a.f.s.w.s.OnlineWebSessionManager - [validateSessions,82] - invalidation sessions...
14:33:36.787 [schedule-pool-18] INFO  c.a.f.s.w.s.OnlineWebSessionManager - [validateSessions,141] - Finished invalidation session. No sessions were stopped.
14:43:36.781 [schedule-pool-3] INFO  c.a.f.s.w.s.OnlineWebSessionManager - [validateSessions,82] - invalidation sessions...
14:43:36.784 [schedule-pool-3] INFO  c.a.f.s.w.s.OnlineWebSessionManager - [validateSessions,141] - Finished invalidation session. No sessions were stopped.
14:53:36.781 [schedule-pool-10] INFO  c.a.f.s.w.s.OnlineWebSessionManager - [validateSessions,82] - invalidation sessions...
14:53:36.786 [schedule-pool-10] INFO  c.a.f.s.w.s.OnlineWebSessionManager - [validateSessions,141] - Finished invalidation session. No sessions were stopped.
15:03:36.780 [schedule-pool-25] INFO  c.a.f.s.w.s.OnlineWebSessionManager - [validateSessions,82] - invalidation sessions...
15:03:36.784 [schedule-pool-25] INFO  c.a.f.s.w.s.OnlineWebSessionManager - [validateSessions,141] - Finished invalidation session. No sessions were stopped.
15:13:36.780 [schedule-pool-43] INFO  c.a.f.s.w.s.OnlineWebSessionManager - [validateSessions,82] - invalidation sessions...
15:13:36.784 [schedule-pool-43] INFO  c.a.f.s.w.s.OnlineWebSessionManager - [validateSessions,141] - Finished invalidation session. No sessions were stopped.
15:23:36.781 [schedule-pool-43] INFO  c.a.f.s.w.s.OnlineWebSessionManager - [validateSessions,82] - invalidation sessions...
15:23:36.782 [schedule-pool-43] INFO  c.a.f.s.w.s.OnlineWebSessionManager - [validateSessions,141] - Finished invalidation session. No sessions were stopped.
15:27:39.515 [main] INFO  o.s.b.d.r.RestartApplicationListener - [onApplicationStartingEvent,79] - Restart disabled due to System property 'spring.devtools.restart.enabled' being set to false
15:27:40.002 [main] INFO  c.a.WebApplication - [logStarting,50] - Starting WebApplication on Tang with PID 4004 (J:\auto\web\target\classes started by tang in J:\auto\web)
15:27:40.005 [main] INFO  c.a.WebApplication - [logStartupProfileInfo,679] - The following profiles are active: druid
15:27:43.047 [main] INFO  o.a.s.c.e.EhCacheManager - [getCache,158] - Cache with name 'com.accp.framework.shiro.realm.UserRealm.authorizationCache' does not yet exist.  Creating now.
15:27:43.048 [main] INFO  o.a.s.c.e.EhCacheManager - [getCache,165] - Added EhCache named [com.accp.framework.shiro.realm.UserRealm.authorizationCache]
15:28:00.775 [main] INFO  o.s.b.d.r.RestartApplicationListener - [onApplicationStartingEvent,79] - Restart disabled due to System property 'spring.devtools.restart.enabled' being set to false
15:28:01.041 [main] INFO  c.a.WebApplication - [logStarting,50] - Starting WebApplication on Tang with PID 23484 (J:\auto\web\target\classes started by tang in J:\auto\web)
15:28:01.042 [main] INFO  c.a.WebApplication - [logStartupProfileInfo,679] - The following profiles are active: druid
15:28:02.460 [main] INFO  o.a.s.c.e.EhCacheManager - [getCache,158] - Cache with name 'com.accp.framework.shiro.realm.UserRealm.authorizationCache' does not yet exist.  Creating now.
15:28:02.461 [main] INFO  o.a.s.c.e.EhCacheManager - [getCache,165] - Added EhCache named [com.accp.framework.shiro.realm.UserRealm.authorizationCache]
15:29:01.800 [main] INFO  o.s.b.d.r.RestartApplicationListener - [onApplicationStartingEvent,79] - Restart disabled due to System property 'spring.devtools.restart.enabled' being set to false
15:29:02.072 [main] INFO  c.a.WebApplication - [logStarting,50] - Starting WebApplication on Tang with PID 11904 (J:\auto\web\target\classes started by tang in J:\auto\web)
15:29:02.073 [main] INFO  c.a.WebApplication - [logStartupProfileInfo,679] - The following profiles are active: druid
15:29:03.476 [main] INFO  o.a.s.c.e.EhCacheManager - [getCache,158] - Cache with name 'com.accp.framework.shiro.realm.UserRealm.authorizationCache' does not yet exist.  Creating now.
15:29:03.477 [main] INFO  o.a.s.c.e.EhCacheManager - [getCache,165] - Added EhCache named [com.accp.framework.shiro.realm.UserRealm.authorizationCache]
15:29:04.722 [main] INFO  o.a.s.c.e.EhCacheManager - [getCache,169] - Using existing EHCache named [loginRecordCache]
15:29:05.709 [main] INFO  o.a.c.h.Http11NioProtocol - [log,173] - Initializing ProtocolHandler ["http-nio-8888"]
15:29:05.719 [main] INFO  o.a.c.c.StandardService - [log,173] - Starting service [Tomcat]
15:29:05.719 [main] INFO  o.a.c.c.StandardEngine - [log,173] - Starting Servlet Engine: Apache Tomcat/9.0.13
15:29:05.724 [main] INFO  o.a.c.c.AprLifecycleListener - [log,173] - The APR based Apache Tomcat Native library which allows optimal performance in production environments was not found on the java.library.path: [C:\Program Files\Java\jdk1.8.0_201\bin;C:\WINDOWS\Sun\Java\bin;C:\WINDOWS\system32;C:\WINDOWS;J:\Y2\apache-maven-3.5.0\bin;C:\Program Files\Java\jdk1.8.0_201\bin;C:\Program Files (x86)\NetSarang\Xshell 6\;C:\Program Files (x86)\Common Files\Oracle\Java\javapath;C:\Program Files (x86)\NVIDIA Corporation\PhysX\Common;C:\Program Files (x86)\Intel\iCLS Client\;C:\Program Files\Intel\iCLS Client\;C:\Windows\system32;C:\Windows;C:\Windows\System32\Wbem;C:\Windows\System32\WindowsPowerShell\v1.0\;C:\Program Files (x86)\Intel\Intel(R) Management Engine Components\DAL;C:\Program Files\Intel\Intel(R) Management Engine Components\DAL;C:\Program Files (x86)\Intel\Intel(R) Management Engine Components\IPT;C:\Program Files\Intel\Intel(R) Management Engine Components\IPT;D:\py\Scripts\;D:\py\;C:\Users\lenovo\AppData\Local\Microsoft\WindowsApps;C:\WINDOWS\system32;C:\WINDOWS;C:\WINDOWS\System32\Wbem;C:\WINDOWS\System32\WindowsPowerShell\v1.0\;C:\WINDOWS\System32\OpenSSH\;C:\Program Files\NVIDIA Corporation\NVIDIA NvDLISR;C:\Program Files (x86)\Microsoft SQL Server\100\Tools\Binn\;C:\Program Files\Microsoft SQL Server\100\Tools\Binn\;C:\Program Files\Microsoft SQL Server\100\DTS\Binn\;C:\Program Files (x86)\Microsoft SQL Server\100\Tools\Binn\VSShell\Common7\IDE\;C:\Program Files (x86)\Microsoft Visual Studio 9.0\Common7\IDE\PrivateAssemblies\;C:\Program Files (x86)\Microsoft SQL Server\100\DTS\Binn\;C:\Program Files\Microsoft\Web Platform Installer\;C:\Program Files (x86)\Microsoft ASP.NET\ASP.NET Web Pages\v1.0\;C:\Program Files\Microsoft SQL Server\110\Tools\Binn\;E:\phpStudy\PHPTutorial\php\php-7.1.13-nts;C:\ProgramData\ComposerSetup\bin;C:\Program Files (x86)\Windows Kits\8.1\Windows Performance Toolkit\;C:\Program Files\Microsoft SQL Server\130\Tools\Binn\;C:\Program Files\Git\cmd;C:\Program Files\TortoiseGit\bin;C:\Program Files\Java\jdk1.8.0_201\bin;D:\py\Scripts\;D:\py\;C:\Users\lenovo\AppData\Local\Microsoft\WindowsApps;C:\Users\lenovo\AppData\Roaming\Composer\vendor\bin;;.]
15:29:05.941 [main] INFO  o.a.c.c.C.[.[.[/] - [log,173] - Initializing Spring embedded WebApplicationContext
15:29:06.351 [main] INFO  c.a.d.p.DruidDataSource - [init,930] - {dataSource-1} inited
15:29:06.388 [main] INFO  o.q.i.StdSchedulerFactory - [instantiate,1208] - Using default implementation for ThreadExecutor
15:29:06.402 [main] INFO  o.q.c.SchedulerSignalerImpl - [<init>,61] - Initialized Scheduler Signaller of type: class org.quartz.core.SchedulerSignalerImpl
15:29:06.402 [main] INFO  o.q.c.QuartzScheduler - [<init>,229] - Quartz Scheduler v.2.3.0 created.
15:29:06.408 [main] INFO  o.q.c.QuartzScheduler - [initialize,294] - Scheduler meta-data: Quartz Scheduler (v2.3.0) 'AutoAccpScheduler' with instanceId 'Tang1594106946390'
  Scheduler class: 'org.quartz.core.QuartzScheduler' - running locally.
  NOT STARTED.
  Currently in standby mode.
  Number of jobs executed: 0
  Using thread pool 'org.quartz.simpl.SimpleThreadPool' - with 50 threads.
  Using job-store 'org.springframework.scheduling.quartz.LocalDataSourceJobStore' - which supports persistence. and is clustered.

15:29:06.408 [main] INFO  o.q.i.StdSchedulerFactory - [instantiate,1362] - Quartz scheduler 'AutoAccpScheduler' initialized from an externally provided properties instance.
15:29:06.409 [main] INFO  o.q.i.StdSchedulerFactory - [instantiate,1366] - Quartz scheduler version: 2.3.0
15:29:06.410 [main] INFO  o.q.c.QuartzScheduler - [setJobFactory,2287] - JobFactory set to: org.springframework.scheduling.quartz.AdaptableJobFactory@67acfde9
15:29:07.399 [main] INFO  s.d.s.w.PropertySourcedRequestMappingHandlerMapping - [initHandlerMethods,69] - Mapped URL path [/v2/api-docs] onto method [public org.springframework.http.ResponseEntity<springfox.documentation.spring.web.json.Json> springfox.documentation.swagger2.web.Swagger2Controller.getDocumentation(java.lang.String,javax.servlet.http.HttpServletRequest)]
15:29:07.933 [main] INFO  s.d.s.w.p.DocumentationPluginsBootstrapper - [start,147] - Context refreshed
15:29:07.952 [main] INFO  s.d.s.w.p.DocumentationPluginsBootstrapper - [start,150] - Found 1 custom documentation plugin(s)
15:29:08.021 [main] INFO  s.d.s.w.s.ApiListingReferenceScanner - [scan,41] - Scanning for api listing references
15:29:08.155 [main] INFO  o.a.c.h.Http11NioProtocol - [log,173] - Starting ProtocolHandler ["http-nio-8888"]
15:29:08.182 [main] INFO  o.a.t.u.n.NioSelectorPool - [log,173] - Using a shared selector for servlet write/read
15:29:08.198 [main] INFO  c.a.WebApplication - [logStarted,59] - Started WebApplication in 6.405 seconds (JVM running for 7.679)
15:29:09.144 [main] INFO  c.a.c.n.NettyServer - [start,62] - 服务端启动成功，监听端口 7070
15:29:09.183 [Quartz Scheduler [AutoAccpScheduler]] INFO  o.q.c.QuartzScheduler - [start,547] - Scheduler AutoAccpScheduler_$_Tang1594106946390 started.
15:29:42.785 [http-nio-8888-exec-1] INFO  o.a.c.c.C.[.[.[/] - [log,173] - Initializing Spring DispatcherServlet 'dispatcherServlet'
15:29:42.809 [http-nio-8888-exec-1] INFO  o.a.s.s.m.AbstractValidatingSessionManager - [enableSessionValidation,233] - Enabling session validation scheduler...
15:29:42.818 [http-nio-8888-exec-1] INFO  o.a.s.c.e.EhCacheManager - [getCache,158] - Cache with name 'shiro-activeSessionCache' does not yet exist.  Creating now.
15:29:42.819 [http-nio-8888-exec-1] INFO  o.a.s.c.e.EhCacheManager - [getCache,165] - Added EhCache named [shiro-activeSessionCache]
15:29:43.811 [schedule-pool-1] INFO  c.a.f.s.w.s.OnlineWebSessionManager - [validateSessions,82] - invalidation sessions...
15:29:43.818 [schedule-pool-1] INFO  c.a.f.s.w.s.OnlineWebSessionManager - [validateSessions,141] - Finished invalidation session. No sessions were stopped.
15:29:49.131 [schedule-pool-1] INFO  sys-user - [run,107] - [127.0.0.1]内网IP[admin][Success][登录成功]
15:39:42.054 [RMI TCP Connection(3)-127.0.0.1] INFO  o.q.c.QuartzScheduler - [standby,585] - Scheduler AutoAccpScheduler_$_Tang1594106946390 paused.
15:39:42.056 [RMI TCP Connection(3)-127.0.0.1] INFO  sys-user - [shutdownSpringSessionValidationScheduler,39] - ====关闭会话验证任务====
15:39:42.059 [RMI TCP Connection(3)-127.0.0.1] INFO  sys-user - [shutdownAsyncManager,56] - ====关闭后台任务任务线程池====
15:39:42.061 [RMI TCP Connection(3)-127.0.0.1] INFO  o.q.c.QuartzScheduler - [shutdown,666] - Scheduler AutoAccpScheduler_$_Tang1594106946390 shutting down.
15:39:42.061 [RMI TCP Connection(3)-127.0.0.1] INFO  o.q.c.QuartzScheduler - [standby,585] - Scheduler AutoAccpScheduler_$_Tang1594106946390 paused.
15:39:42.063 [RMI TCP Connection(3)-127.0.0.1] INFO  o.q.c.QuartzScheduler - [shutdown,740] - Scheduler AutoAccpScheduler_$_Tang1594106946390 shutdown complete.
15:39:42.071 [RMI TCP Connection(3)-127.0.0.1] INFO  c.a.d.p.DruidDataSource - [close,1825] - {dataSource-1} closed
15:39:59.515 [main] INFO  o.s.b.d.r.RestartApplicationListener - [onApplicationStartingEvent,79] - Restart disabled due to System property 'spring.devtools.restart.enabled' being set to false
15:39:59.773 [main] INFO  c.a.WebApplication - [logStarting,50] - Starting WebApplication on Tang with PID 21432 (J:\auto\web\target\classes started by tang in J:\auto\web)
15:39:59.775 [main] INFO  c.a.WebApplication - [logStartupProfileInfo,679] - The following profiles are active: druid
15:40:01.182 [main] INFO  o.a.s.c.e.EhCacheManager - [getCache,158] - Cache with name 'com.accp.framework.shiro.realm.UserRealm.authorizationCache' does not yet exist.  Creating now.
15:40:01.183 [main] INFO  o.a.s.c.e.EhCacheManager - [getCache,165] - Added EhCache named [com.accp.framework.shiro.realm.UserRealm.authorizationCache]
15:40:01.888 [main] INFO  o.a.s.c.e.EhCacheManager - [getCache,169] - Using existing EHCache named [loginRecordCache]
15:40:02.728 [main] INFO  o.a.c.h.Http11NioProtocol - [log,173] - Initializing ProtocolHandler ["http-nio-8888"]
15:40:02.735 [main] INFO  o.a.c.c.StandardService - [log,173] - Starting service [Tomcat]
15:40:02.735 [main] INFO  o.a.c.c.StandardEngine - [log,173] - Starting Servlet Engine: Apache Tomcat/9.0.13
15:40:02.740 [main] INFO  o.a.c.c.AprLifecycleListener - [log,173] - The APR based Apache Tomcat Native library which allows optimal performance in production environments was not found on the java.library.path: [C:\Program Files\Java\jdk1.8.0_201\bin;C:\WINDOWS\Sun\Java\bin;C:\WINDOWS\system32;C:\WINDOWS;J:\Y2\apache-maven-3.5.0\bin;C:\Program Files\Java\jdk1.8.0_201\bin;C:\Program Files (x86)\NetSarang\Xshell 6\;C:\Program Files (x86)\Common Files\Oracle\Java\javapath;C:\Program Files (x86)\NVIDIA Corporation\PhysX\Common;C:\Program Files (x86)\Intel\iCLS Client\;C:\Program Files\Intel\iCLS Client\;C:\Windows\system32;C:\Windows;C:\Windows\System32\Wbem;C:\Windows\System32\WindowsPowerShell\v1.0\;C:\Program Files (x86)\Intel\Intel(R) Management Engine Components\DAL;C:\Program Files\Intel\Intel(R) Management Engine Components\DAL;C:\Program Files (x86)\Intel\Intel(R) Management Engine Components\IPT;C:\Program Files\Intel\Intel(R) Management Engine Components\IPT;D:\py\Scripts\;D:\py\;C:\Users\lenovo\AppData\Local\Microsoft\WindowsApps;C:\WINDOWS\system32;C:\WINDOWS;C:\WINDOWS\System32\Wbem;C:\WINDOWS\System32\WindowsPowerShell\v1.0\;C:\WINDOWS\System32\OpenSSH\;C:\Program Files\NVIDIA Corporation\NVIDIA NvDLISR;C:\Program Files (x86)\Microsoft SQL Server\100\Tools\Binn\;C:\Program Files\Microsoft SQL Server\100\Tools\Binn\;C:\Program Files\Microsoft SQL Server\100\DTS\Binn\;C:\Program Files (x86)\Microsoft SQL Server\100\Tools\Binn\VSShell\Common7\IDE\;C:\Program Files (x86)\Microsoft Visual Studio 9.0\Common7\IDE\PrivateAssemblies\;C:\Program Files (x86)\Microsoft SQL Server\100\DTS\Binn\;C:\Program Files\Microsoft\Web Platform Installer\;C:\Program Files (x86)\Microsoft ASP.NET\ASP.NET Web Pages\v1.0\;C:\Program Files\Microsoft SQL Server\110\Tools\Binn\;E:\phpStudy\PHPTutorial\php\php-7.1.13-nts;C:\ProgramData\ComposerSetup\bin;C:\Program Files (x86)\Windows Kits\8.1\Windows Performance Toolkit\;C:\Program Files\Microsoft SQL Server\130\Tools\Binn\;C:\Program Files\Git\cmd;C:\Program Files\TortoiseGit\bin;C:\Program Files\Java\jdk1.8.0_201\bin;D:\py\Scripts\;D:\py\;C:\Users\lenovo\AppData\Local\Microsoft\WindowsApps;C:\Users\lenovo\AppData\Roaming\Composer\vendor\bin;;.]
15:40:02.946 [main] INFO  o.a.c.c.C.[.[.[/] - [log,173] - Initializing Spring embedded WebApplicationContext
15:40:03.312 [main] INFO  c.a.d.p.DruidDataSource - [init,930] - {dataSource-1} inited
15:40:03.342 [main] INFO  o.q.i.StdSchedulerFactory - [instantiate,1208] - Using default implementation for ThreadExecutor
15:40:03.354 [main] INFO  o.q.c.SchedulerSignalerImpl - [<init>,61] - Initialized Scheduler Signaller of type: class org.quartz.core.SchedulerSignalerImpl
15:40:03.355 [main] INFO  o.q.c.QuartzScheduler - [<init>,229] - Quartz Scheduler v.2.3.0 created.
15:40:03.359 [main] INFO  o.q.c.QuartzScheduler - [initialize,294] - Scheduler meta-data: Quartz Scheduler (v2.3.0) 'AutoAccpScheduler' with instanceId 'Tang1594107603343'
  Scheduler class: 'org.quartz.core.QuartzScheduler' - running locally.
  NOT STARTED.
  Currently in standby mode.
  Number of jobs executed: 0
  Using thread pool 'org.quartz.simpl.SimpleThreadPool' - with 50 threads.
  Using job-store 'org.springframework.scheduling.quartz.LocalDataSourceJobStore' - which supports persistence. and is clustered.

15:40:03.360 [main] INFO  o.q.i.StdSchedulerFactory - [instantiate,1362] - Quartz scheduler 'AutoAccpScheduler' initialized from an externally provided properties instance.
15:40:03.360 [main] INFO  o.q.i.StdSchedulerFactory - [instantiate,1366] - Quartz scheduler version: 2.3.0
15:40:03.362 [main] INFO  o.q.c.QuartzScheduler - [setJobFactory,2287] - JobFactory set to: org.springframework.scheduling.quartz.AdaptableJobFactory@7aded903
15:40:04.316 [main] INFO  s.d.s.w.PropertySourcedRequestMappingHandlerMapping - [initHandlerMethods,69] - Mapped URL path [/v2/api-docs] onto method [public org.springframework.http.ResponseEntity<springfox.documentation.spring.web.json.Json> springfox.documentation.swagger2.web.Swagger2Controller.getDocumentation(java.lang.String,javax.servlet.http.HttpServletRequest)]
15:40:04.809 [main] INFO  s.d.s.w.p.DocumentationPluginsBootstrapper - [start,147] - Context refreshed
15:40:04.821 [main] INFO  s.d.s.w.p.DocumentationPluginsBootstrapper - [start,150] - Found 1 custom documentation plugin(s)
15:40:04.879 [main] INFO  s.d.s.w.s.ApiListingReferenceScanner - [scan,41] - Scanning for api listing references
15:40:04.992 [main] INFO  o.a.c.h.Http11NioProtocol - [log,173] - Starting ProtocolHandler ["http-nio-8888"]
15:40:05.002 [main] INFO  o.a.t.u.n.NioSelectorPool - [log,173] - Using a shared selector for servlet write/read
15:40:05.018 [main] INFO  c.a.WebApplication - [logStarted,59] - Started WebApplication in 5.51 seconds (JVM running for 6.782)
15:40:05.906 [main] INFO  c.a.c.n.NettyServer - [start,62] - 服务端启动成功，监听端口 7070
15:40:06.020 [Quartz Scheduler [AutoAccpScheduler]] INFO  o.q.c.QuartzScheduler - [start,547] - Scheduler AutoAccpScheduler_$_Tang1594107603343 started.
15:40:10.803 [http-nio-8888-exec-1] INFO  o.a.c.c.C.[.[.[/] - [log,173] - Initializing Spring DispatcherServlet 'dispatcherServlet'
15:40:10.826 [http-nio-8888-exec-1] INFO  o.a.s.s.m.AbstractValidatingSessionManager - [enableSessionValidation,233] - Enabling session validation scheduler...
15:40:10.835 [http-nio-8888-exec-1] INFO  o.a.s.c.e.EhCacheManager - [getCache,158] - Cache with name 'shiro-activeSessionCache' does not yet exist.  Creating now.
15:40:10.836 [http-nio-8888-exec-1] INFO  o.a.s.c.e.EhCacheManager - [getCache,165] - Added EhCache named [shiro-activeSessionCache]
15:40:11.828 [schedule-pool-1] INFO  c.a.f.s.w.s.OnlineWebSessionManager - [validateSessions,82] - invalidation sessions...
15:40:11.834 [schedule-pool-1] INFO  c.a.f.s.w.s.OnlineWebSessionManager - [validateSessions,141] - Finished invalidation session. No sessions were stopped.
15:40:21.568 [schedule-pool-1] INFO  sys-user - [run,107] - [127.0.0.1]内网IP[admin][Success][登录成功]
15:41:07.236 [RMI TCP Connection(2)-127.0.0.1] INFO  o.q.c.QuartzScheduler - [standby,585] - Scheduler AutoAccpScheduler_$_Tang1594107603343 paused.
15:41:07.238 [RMI TCP Connection(2)-127.0.0.1] INFO  sys-user - [shutdownSpringSessionValidationScheduler,39] - ====关闭会话验证任务====
15:41:07.240 [RMI TCP Connection(2)-127.0.0.1] INFO  sys-user - [shutdownAsyncManager,56] - ====关闭后台任务任务线程池====
15:41:07.241 [RMI TCP Connection(2)-127.0.0.1] INFO  o.q.c.QuartzScheduler - [shutdown,666] - Scheduler AutoAccpScheduler_$_Tang1594107603343 shutting down.
15:41:07.242 [RMI TCP Connection(2)-127.0.0.1] INFO  o.q.c.QuartzScheduler - [standby,585] - Scheduler AutoAccpScheduler_$_Tang1594107603343 paused.
15:41:07.243 [RMI TCP Connection(2)-127.0.0.1] INFO  o.q.c.QuartzScheduler - [shutdown,740] - Scheduler AutoAccpScheduler_$_Tang1594107603343 shutdown complete.
15:41:07.247 [RMI TCP Connection(2)-127.0.0.1] INFO  c.a.d.p.DruidDataSource - [close,1825] - {dataSource-1} closed
15:41:34.763 [main] INFO  o.s.b.d.r.RestartApplicationListener - [onApplicationStartingEvent,79] - Restart disabled due to System property 'spring.devtools.restart.enabled' being set to false
15:41:35.040 [main] INFO  c.a.WebApplication - [logStarting,50] - Starting WebApplication on Tang with PID 12788 (J:\auto\web\target\classes started by tang in J:\auto\web)
15:41:35.042 [main] INFO  c.a.WebApplication - [logStartupProfileInfo,679] - The following profiles are active: druid
15:41:36.413 [main] INFO  o.a.s.c.e.EhCacheManager - [getCache,158] - Cache with name 'com.accp.framework.shiro.realm.UserRealm.authorizationCache' does not yet exist.  Creating now.
15:41:36.414 [main] INFO  o.a.s.c.e.EhCacheManager - [getCache,165] - Added EhCache named [com.accp.framework.shiro.realm.UserRealm.authorizationCache]
15:41:37.123 [main] INFO  o.a.s.c.e.EhCacheManager - [getCache,169] - Using existing EHCache named [loginRecordCache]
15:41:37.949 [main] INFO  o.a.c.h.Http11NioProtocol - [log,173] - Initializing ProtocolHandler ["http-nio-8888"]
15:41:37.957 [main] INFO  o.a.c.c.StandardService - [log,173] - Starting service [Tomcat]
15:41:37.958 [main] INFO  o.a.c.c.StandardEngine - [log,173] - Starting Servlet Engine: Apache Tomcat/9.0.13
15:41:37.963 [main] INFO  o.a.c.c.AprLifecycleListener - [log,173] - The APR based Apache Tomcat Native library which allows optimal performance in production environments was not found on the java.library.path: [C:\Program Files\Java\jdk1.8.0_201\bin;C:\WINDOWS\Sun\Java\bin;C:\WINDOWS\system32;C:\WINDOWS;J:\Y2\apache-maven-3.5.0\bin;C:\Program Files\Java\jdk1.8.0_201\bin;C:\Program Files (x86)\NetSarang\Xshell 6\;C:\Program Files (x86)\Common Files\Oracle\Java\javapath;C:\Program Files (x86)\NVIDIA Corporation\PhysX\Common;C:\Program Files (x86)\Intel\iCLS Client\;C:\Program Files\Intel\iCLS Client\;C:\Windows\system32;C:\Windows;C:\Windows\System32\Wbem;C:\Windows\System32\WindowsPowerShell\v1.0\;C:\Program Files (x86)\Intel\Intel(R) Management Engine Components\DAL;C:\Program Files\Intel\Intel(R) Management Engine Components\DAL;C:\Program Files (x86)\Intel\Intel(R) Management Engine Components\IPT;C:\Program Files\Intel\Intel(R) Management Engine Components\IPT;D:\py\Scripts\;D:\py\;C:\Users\lenovo\AppData\Local\Microsoft\WindowsApps;C:\WINDOWS\system32;C:\WINDOWS;C:\WINDOWS\System32\Wbem;C:\WINDOWS\System32\WindowsPowerShell\v1.0\;C:\WINDOWS\System32\OpenSSH\;C:\Program Files\NVIDIA Corporation\NVIDIA NvDLISR;C:\Program Files (x86)\Microsoft SQL Server\100\Tools\Binn\;C:\Program Files\Microsoft SQL Server\100\Tools\Binn\;C:\Program Files\Microsoft SQL Server\100\DTS\Binn\;C:\Program Files (x86)\Microsoft SQL Server\100\Tools\Binn\VSShell\Common7\IDE\;C:\Program Files (x86)\Microsoft Visual Studio 9.0\Common7\IDE\PrivateAssemblies\;C:\Program Files (x86)\Microsoft SQL Server\100\DTS\Binn\;C:\Program Files\Microsoft\Web Platform Installer\;C:\Program Files (x86)\Microsoft ASP.NET\ASP.NET Web Pages\v1.0\;C:\Program Files\Microsoft SQL Server\110\Tools\Binn\;E:\phpStudy\PHPTutorial\php\php-7.1.13-nts;C:\ProgramData\ComposerSetup\bin;C:\Program Files (x86)\Windows Kits\8.1\Windows Performance Toolkit\;C:\Program Files\Microsoft SQL Server\130\Tools\Binn\;C:\Program Files\Git\cmd;C:\Program Files\TortoiseGit\bin;C:\Program Files\Java\jdk1.8.0_201\bin;D:\py\Scripts\;D:\py\;C:\Users\lenovo\AppData\Local\Microsoft\WindowsApps;C:\Users\lenovo\AppData\Roaming\Composer\vendor\bin;;.]
15:41:38.175 [main] INFO  o.a.c.c.C.[.[.[/] - [log,173] - Initializing Spring embedded WebApplicationContext
15:41:38.515 [main] INFO  c.a.d.p.DruidDataSource - [init,930] - {dataSource-1} inited
15:41:38.545 [main] INFO  o.q.i.StdSchedulerFactory - [instantiate,1208] - Using default implementation for ThreadExecutor
15:41:38.555 [main] INFO  o.q.c.SchedulerSignalerImpl - [<init>,61] - Initialized Scheduler Signaller of type: class org.quartz.core.SchedulerSignalerImpl
15:41:38.555 [main] INFO  o.q.c.QuartzScheduler - [<init>,229] - Quartz Scheduler v.2.3.0 created.
15:41:38.560 [main] INFO  o.q.c.QuartzScheduler - [initialize,294] - Scheduler meta-data: Quartz Scheduler (v2.3.0) 'AutoAccpScheduler' with instanceId 'Tang1594107698546'
  Scheduler class: 'org.quartz.core.QuartzScheduler' - running locally.
  NOT STARTED.
  Currently in standby mode.
  Number of jobs executed: 0
  Using thread pool 'org.quartz.simpl.SimpleThreadPool' - with 50 threads.
  Using job-store 'org.springframework.scheduling.quartz.LocalDataSourceJobStore' - which supports persistence. and is clustered.

15:41:38.560 [main] INFO  o.q.i.StdSchedulerFactory - [instantiate,1362] - Quartz scheduler 'AutoAccpScheduler' initialized from an externally provided properties instance.
15:41:38.560 [main] INFO  o.q.i.StdSchedulerFactory - [instantiate,1366] - Quartz scheduler version: 2.3.0
15:41:38.561 [main] INFO  o.q.c.QuartzScheduler - [setJobFactory,2287] - JobFactory set to: org.springframework.scheduling.quartz.AdaptableJobFactory@7ec08115
15:41:39.504 [main] INFO  s.d.s.w.PropertySourcedRequestMappingHandlerMapping - [initHandlerMethods,69] - Mapped URL path [/v2/api-docs] onto method [public org.springframework.http.ResponseEntity<springfox.documentation.spring.web.json.Json> springfox.documentation.swagger2.web.Swagger2Controller.getDocumentation(java.lang.String,javax.servlet.http.HttpServletRequest)]
15:41:39.996 [main] INFO  s.d.s.w.p.DocumentationPluginsBootstrapper - [start,147] - Context refreshed
15:41:40.008 [main] INFO  s.d.s.w.p.DocumentationPluginsBootstrapper - [start,150] - Found 1 custom documentation plugin(s)
15:41:40.069 [main] INFO  s.d.s.w.s.ApiListingReferenceScanner - [scan,41] - Scanning for api listing references
15:41:40.182 [main] INFO  o.a.c.h.Http11NioProtocol - [log,173] - Starting ProtocolHandler ["http-nio-8888"]
15:41:40.193 [main] INFO  o.a.t.u.n.NioSelectorPool - [log,173] - Using a shared selector for servlet write/read
15:41:40.210 [main] INFO  c.a.WebApplication - [logStarted,59] - Started WebApplication in 5.454 seconds (JVM running for 6.728)
15:41:41.091 [main] INFO  c.a.c.n.NettyServer - [start,62] - 服务端启动成功，监听端口 7070
15:41:41.203 [Quartz Scheduler [AutoAccpScheduler]] INFO  o.q.c.QuartzScheduler - [start,547] - Scheduler AutoAccpScheduler_$_Tang1594107698546 started.
15:41:50.138 [http-nio-8888-exec-1] INFO  o.a.c.c.C.[.[.[/] - [log,173] - Initializing Spring DispatcherServlet 'dispatcherServlet'
15:41:50.161 [http-nio-8888-exec-1] INFO  o.a.s.s.m.AbstractValidatingSessionManager - [enableSessionValidation,233] - Enabling session validation scheduler...
15:41:50.170 [http-nio-8888-exec-1] INFO  o.a.s.c.e.EhCacheManager - [getCache,158] - Cache with name 'shiro-activeSessionCache' does not yet exist.  Creating now.
15:41:50.171 [http-nio-8888-exec-1] INFO  o.a.s.c.e.EhCacheManager - [getCache,165] - Added EhCache named [shiro-activeSessionCache]
15:41:51.163 [schedule-pool-1] INFO  c.a.f.s.w.s.OnlineWebSessionManager - [validateSessions,82] - invalidation sessions...
15:41:51.171 [schedule-pool-1] INFO  c.a.f.s.w.s.OnlineWebSessionManager - [validateSessions,141] - Finished invalidation session. No sessions were stopped.
15:41:54.783 [schedule-pool-1] INFO  sys-user - [run,107] - [127.0.0.1]内网IP[admin][Success][登录成功]
15:51:51.162 [schedule-pool-3] INFO  c.a.f.s.w.s.OnlineWebSessionManager - [validateSessions,82] - invalidation sessions...
15:51:51.164 [schedule-pool-3] INFO  c.a.f.s.w.s.OnlineWebSessionManager - [validateSessions,141] - Finished invalidation session. No sessions were stopped.
16:01:51.163 [schedule-pool-2] INFO  c.a.f.s.w.s.OnlineWebSessionManager - [validateSessions,82] - invalidation sessions...
16:01:51.170 [schedule-pool-2] INFO  c.a.f.s.w.s.OnlineWebSessionManager - [validateSessions,141] - Finished invalidation session. No sessions were stopped.
16:11:51.162 [schedule-pool-5] INFO  c.a.f.s.w.s.OnlineWebSessionManager - [validateSessions,82] - invalidation sessions...
16:11:51.164 [schedule-pool-5] INFO  c.a.f.s.w.s.OnlineWebSessionManager - [validateSessions,141] - Finished invalidation session. No sessions were stopped.
16:21:51.163 [schedule-pool-12] INFO  c.a.f.s.w.s.OnlineWebSessionManager - [validateSessions,82] - invalidation sessions...
16:21:51.164 [schedule-pool-12] INFO  c.a.f.s.w.s.OnlineWebSessionManager - [validateSessions,141] - Finished invalidation session. No sessions were stopped.
16:31:51.164 [schedule-pool-15] INFO  c.a.f.s.w.s.OnlineWebSessionManager - [validateSessions,82] - invalidation sessions...
16:31:51.166 [schedule-pool-15] INFO  c.a.f.s.w.s.OnlineWebSessionManager - [validateSessions,141] - Finished invalidation session. No sessions were stopped.
16:41:51.164 [schedule-pool-9] INFO  c.a.f.s.w.s.OnlineWebSessionManager - [validateSessions,82] - invalidation sessions...
16:41:51.167 [schedule-pool-9] INFO  c.a.f.s.w.s.OnlineWebSessionManager - [validateSessions,141] - Finished invalidation session. No sessions were stopped.
16:51:51.162 [schedule-pool-5] INFO  c.a.f.s.w.s.OnlineWebSessionManager - [validateSessions,82] - invalidation sessions...
16:51:51.164 [schedule-pool-5] INFO  c.a.f.s.w.s.OnlineWebSessionManager - [validateSessions,141] - Finished invalidation session. No sessions were stopped.
